<?xml version="1.0" encoding="UTF-8"?>
<!-- Generated by org.testng.reporters.JUnitReportReporter -->
<testsuite hostname="LAPTOP-V5G1AG24" name="com.page.Login" tests="2" failures="0" timestamp="26 Feb 2022 04:09:38 GMT" time="8.965" errors="0">
  <testcase name="Login" time="0.001" classname="com.page.Login"/>
  <testcase name="setup" time="8.964" classname="com.page.Login"/>
</testsuite> <!-- com.page.Login -->
