<?xml version="1.0" encoding="UTF-8"?>
<!-- Generated by org.testng.reporters.JUnitReportReporter -->
<testsuite hostname="LAPTOP-V5G1AG24" name="com.page.Online" tests="2" failures="0" timestamp="26 Feb 2022 04:09:38 GMT" time="0.000" errors="0">
  <testcase name="setup" time="0.000" classname="com.page.Online"/>
  <testcase name="shopping" time="0.000" classname="com.page.Online"/>
</testsuite> <!-- com.page.Online -->
