<?xml version="1.0" encoding="UTF-8"?>
<!-- Generated by org.testng.reporters.JUnitReportReporter -->
<testsuite hostname="LAPTOP-V5G1AG24" name="com.page.LoginPage" tests="2" failures="0" timestamp="27 Feb 2022 06:46:59 GMT" time="12.076" errors="0">
  <testcase name="Login" time="2.605" classname="com.page.LoginPage"/>
  <testcase name="setup" time="9.471" classname="com.page.LoginPage"/>
</testsuite> <!-- com.page.LoginPage -->
