<?xml version="1.0" encoding="UTF-8"?>
<!-- Generated by org.testng.reporters.JUnitReportReporter -->
<testsuite hostname="LAPTOP-V5G1AG24" name="com.page.StorePage" tests="2" failures="0" timestamp="27 Feb 2022 06:46:59 GMT" time="21.887" errors="0">
  <testcase name="setup" time="0.000" classname="com.page.StorePage"/>
  <testcase name="shopping" time="21.887" classname="com.page.StorePage"/>
</testsuite> <!-- com.page.StorePage -->
